2025-06-06 07:14:29,552 - __main__ - INFO - Real-time monitoring system initialized
2025-06-06 07:14:29,553 - __main__ - INFO - Loading fleet data from /Users/chanthawat/Development/py-dev/iv-curve-classic
2025-06-06 07:14:29,579 - __main__ - INFO - Loaded INVERTER: 1277 data points
2025-06-06 07:14:29,598 - __main__ - INFO - Loaded INVERTER: 1277 data points
2025-06-06 07:14:29,619 - __main__ - INFO - Loaded INVERTER: 1277 data points
2025-06-06 07:14:29,638 - __main__ - INFO - Loaded INVERTER: 1277 data points
2025-06-06 07:14:29,657 - __main__ - INFO - Loaded INVERTER: 1277 data points
2025-06-06 07:14:29,677 - __main__ - INFO - Loaded INVERTER: 1277 data points
2025-06-06 07:14:29,695 - __main__ - INFO - Loaded INVERTER: 1276 data points
2025-06-06 07:14:29,714 - __main__ - INFO - Loaded INVERTER: 1273 data points
2025-06-06 07:14:29,732 - __main__ - INFO - Loaded INVERTER: 1277 data points
2025-06-06 07:14:29,751 - __main__ - INFO - Loaded INVERTER: 1243 data points
2025-06-06 07:14:29,771 - __main__ - INFO - Loaded INVERTER: 1275 data points
2025-06-06 07:14:29,789 - __main__ - INFO - Loaded INVERTER: 1275 data points
2025-06-06 07:14:29,807 - __main__ - INFO - Loaded INVERTER: 1275 data points
2025-06-06 07:14:29,826 - __main__ - INFO - Loaded INVERTER: 1275 data points
2025-06-06 07:14:29,844 - __main__ - INFO - Loaded INVERTER: 1155 data points
2025-06-06 07:14:29,863 - __main__ - INFO - Loaded INVERTER: 1277 data points
2025-06-06 07:14:29,880 - __main__ - INFO - Loaded INVERTER: 1190 data points
2025-06-06 07:14:29,896 - __main__ - INFO - Loaded INVERTER: 1190 data points
2025-06-06 07:14:29,912 - __main__ - INFO - Loaded INVERTER: 1190 data points
2025-06-06 07:14:29,929 - __main__ - INFO - Loaded INVERTER: 1190 data points
2025-06-06 07:14:29,945 - __main__ - INFO - Loaded INVERTER: 1200 data points
2025-06-06 07:14:29,945 - __main__ - INFO - Establishing performance baselines
2025-06-06 07:14:29,976 - __main__ - INFO - Baselines established for 1 systems
2025-06-06 07:14:29,976 - __main__ - INFO - Fleet data loaded: 21 systems, 26223 total data points
2025-06-06 07:14:29,976 - __main__ - INFO - Training ML models for predictive analytics
2025-06-06 07:14:30,116 - __main__ - INFO - Anomaly detection model trained successfully
2025-06-06 07:14:30,117 - __main__ - INFO - Generating fleet status dashboard
2025-06-06 07:14:30,131 - __main__ - INFO - Generating monitoring report: monitoring_report_20250606_071430.json
2025-06-06 07:14:30,131 - __main__ - INFO - Generating fleet status dashboard
